c:\users\ethan\source\repos\ms-paint\ms-paint\ms-paint\x64\debug\vc143.pdb
c:\users\ethan\source\repos\ms-paint\ms-paint\ms-paint\x64\debug\vc143.idb
c:\users\ethan\source\repos\ms-paint\ms-paint\ms-paint\x64\debug\tool.obj
c:\users\ethan\source\repos\ms-paint\ms-paint\ms-paint\x64\debug\game.obj
c:\users\ethan\source\repos\ms-paint\ms-paint\ms-paint\x64\debug\button.obj
c:\users\ethan\source\repos\ms-paint\ms-paint\ms-paint\x64\debug\main.obj
c:\users\ethan\source\repos\ms-paint\ms-paint\ms-paint\x64\debug\buttons.obj
c:\users\ethan\source\repos\ms-paint\ms-paint\x64\debug\ms-paint.pdb
c:\users\ethan\source\repos\ms-paint\ms-paint\ms-paint\x64\debug\ms-paint.tlog\cl.command.1.tlog
c:\users\ethan\source\repos\ms-paint\ms-paint\ms-paint\x64\debug\ms-paint.tlog\cl.read.1.tlog
c:\users\ethan\source\repos\ms-paint\ms-paint\ms-paint\x64\debug\ms-paint.tlog\cl.write.1.tlog
c:\users\ethan\source\repos\ms-paint\ms-paint\ms-paint\x64\debug\ms-paint.tlog\link-cvtres.read.1.tlog
c:\users\ethan\source\repos\ms-paint\ms-paint\ms-paint\x64\debug\ms-paint.tlog\link-cvtres.write.1.tlog
c:\users\ethan\source\repos\ms-paint\ms-paint\ms-paint\x64\debug\ms-paint.tlog\link-rc.read.1.tlog
c:\users\ethan\source\repos\ms-paint\ms-paint\ms-paint\x64\debug\ms-paint.tlog\link-rc.write.1.tlog
c:\users\ethan\source\repos\ms-paint\ms-paint\ms-paint\x64\debug\ms-paint.tlog\link.command.1.tlog
c:\users\ethan\source\repos\ms-paint\ms-paint\ms-paint\x64\debug\ms-paint.tlog\link.read.1.tlog
c:\users\ethan\source\repos\ms-paint\ms-paint\ms-paint\x64\debug\ms-paint.tlog\link.read.2.tlog
c:\users\ethan\source\repos\ms-paint\ms-paint\ms-paint\x64\debug\ms-paint.tlog\link.read.3.tlog
c:\users\ethan\source\repos\ms-paint\ms-paint\ms-paint\x64\debug\ms-paint.tlog\link.read.4.tlog
c:\users\ethan\source\repos\ms-paint\ms-paint\ms-paint\x64\debug\ms-paint.tlog\link.write.1.tlog
