  Buttons.cpp
C:\Users\ethan\source\repos\MS-Paint\MS-Paint\Buttons.cpp(6,1): error C2653: 'Buttons': is not a class or namespace name
C:\Users\ethan\source\repos\MS-Paint\MS-Paint\Buttons.cpp(6,18): error C2653: 'sf': is not a class or namespace name
C:\Users\ethan\source\repos\MS-Paint\MS-Paint\Buttons.cpp(6,10): error C4430: missing type specifier - int assumed. Note: C++ does not support default-int
C:\Users\ethan\source\repos\MS-Paint\MS-Paint\Buttons.cpp(6,22): error C2065: 'RenderWindow': undeclared identifier
C:\Users\ethan\source\repos\MS-Paint\MS-Paint\Buttons.cpp(6,36): error C2065: 'renderWindow': undeclared identifier
C:\Users\ethan\source\repos\MS-Paint\MS-Paint\Buttons.cpp(6,50): error C2059: syntax error: ':'
C:\Users\ethan\source\repos\MS-Paint\MS-Paint\Buttons.cpp(6,52): error C4430: missing type specifier - int assumed. Note: C++ does not support default-int
C:\Users\ethan\source\repos\MS-Paint\MS-Paint\Buttons.cpp(6,59): error C2065: 'renderWindow': undeclared identifier
C:\Users\ethan\source\repos\MS-Paint\MS-Paint\Buttons.cpp(6,73): error C2059: syntax error: '{'
C:\Users\ethan\source\repos\MS-Paint\MS-Paint\Buttons.cpp(6,73): error C2143: syntax error: missing ';' before '{'
C:\Users\ethan\source\repos\MS-Paint\MS-Paint\Buttons.cpp(6,73): error C2447: '{': missing function header (old-style formal list?)
C:\Users\ethan\source\repos\MS-Paint\MS-Paint\Buttons.cpp(12,6): error C2825: 'Buttons': must be a class or namespace when followed by '::'
C:\Users\ethan\source\repos\MS-Paint\MS-Paint\Buttons.cpp(12,15): error C2510: 'Buttons': left of '::' must be a class/struct/union
C:\Users\ethan\source\repos\MS-Paint\MS-Paint\Buttons.cpp(14,13): error C2039: 'cout': is not a member of 'std'
      C:\Users\ethan\source\repos\MS-Paint\MS-Paint\predefined C++ types (compiler internal)(347,11):
      see declaration of 'std'
  
C:\Users\ethan\source\repos\MS-Paint\MS-Paint\Buttons.cpp(14,2): error C2873: 'cout': symbol cannot be used in a using-declaration
C:\Users\ethan\source\repos\MS-Paint\MS-Paint\Buttons.cpp(16,2): error C2065: 'cout': undeclared identifier
C:\Users\ethan\source\repos\MS-Paint\MS-Paint\Buttons.cpp(19,2): error C2653: 'sf': is not a class or namespace name
C:\Users\ethan\source\repos\MS-Paint\MS-Paint\Buttons.cpp(19,6): error C2065: 'CircleShape': undeclared identifier
C:\Users\ethan\source\repos\MS-Paint\MS-Paint\Buttons.cpp(19,18): error C2146: syntax error: missing ';' before identifier 'ink'
C:\Users\ethan\source\repos\MS-Paint\MS-Paint\Buttons.cpp(19,22): error C2065: 'size': undeclared identifier
C:\Users\ethan\source\repos\MS-Paint\MS-Paint\Buttons.cpp(19,18): error C3861: 'ink': identifier not found
C:\Users\ethan\source\repos\MS-Paint\MS-Paint\Buttons.cpp(20,2): error C2065: 'ink': undeclared identifier
C:\Users\ethan\source\repos\MS-Paint\MS-Paint\Buttons.cpp(20,19): error C2653: 'sf': is not a class or namespace name
C:\Users\ethan\source\repos\MS-Paint\MS-Paint\Buttons.cpp(20,30): error C2065: 'Black': undeclared identifier
C:\Users\ethan\source\repos\MS-Paint\MS-Paint\Buttons.cpp(21,2): error C2653: 'sf': is not a class or namespace name
C:\Users\ethan\source\repos\MS-Paint\MS-Paint\Buttons.cpp(21,6): error C2065: 'Vector2i': undeclared identifier
C:\Users\ethan\source\repos\MS-Paint\MS-Paint\Buttons.cpp(21,15): error C2146: syntax error: missing ';' before identifier 'cursorPos'
C:\Users\ethan\source\repos\MS-Paint\MS-Paint\Buttons.cpp(21,15): error C2065: 'cursorPos': undeclared identifier
C:\Users\ethan\source\repos\MS-Paint\MS-Paint\Buttons.cpp(21,27): error C2653: 'sf': is not a class or namespace name
C:\Users\ethan\source\repos\MS-Paint\MS-Paint\Buttons.cpp(21,50): error C2100: you cannot dereference an operand of type 'int'
C:\Users\ethan\source\repos\MS-Paint\MS-Paint\Buttons.cpp(21,38): error C3861: 'getPosition': identifier not found
C:\Users\ethan\source\repos\MS-Paint\MS-Paint\Buttons.cpp(22,2): error C2065: 'ink': undeclared identifier
C:\Users\ethan\source\repos\MS-Paint\MS-Paint\Buttons.cpp(22,37): error C2065: 'cursorPos': undeclared identifier
C:\Users\ethan\source\repos\MS-Paint\MS-Paint\Buttons.cpp(22,70): error C2065: 'cursorPos': undeclared identifier
C:\Users\ethan\source\repos\MS-Paint\MS-Paint\Buttons.cpp(23,2): error C2065: 'inkDots': undeclared identifier
C:\Users\ethan\source\repos\MS-Paint\MS-Paint\Buttons.cpp(23,20): error C2065: 'ink': undeclared identifier
C:\Users\ethan\source\repos\MS-Paint\MS-Paint\Buttons.cpp(26,6): error C2825: 'Buttons': must be a class or namespace when followed by '::'
C:\Users\ethan\source\repos\MS-Paint\MS-Paint\Buttons.cpp(26,15): error C2510: 'Buttons': left of '::' must be a class/struct/union
C:\Users\ethan\source\repos\MS-Paint\MS-Paint\Buttons.cpp(27,2): error C2065: 'inkDots': undeclared identifier
C:\Users\ethan\source\repos\MS-Paint\MS-Paint\Buttons.cpp(28,2): error C3861: 'system': identifier not found
C:\Users\ethan\source\repos\MS-Paint\MS-Paint\Buttons.cpp(31,6): error C2825: 'Buttons': must be a class or namespace when followed by '::'
C:\Users\ethan\source\repos\MS-Paint\MS-Paint\Buttons.cpp(31,15): error C2510: 'Buttons': left of '::' must be a class/struct/union
C:\Users\ethan\source\repos\MS-Paint\MS-Paint\Buttons.cpp(33,13): error C2039: 'cout': is not a member of 'std'
      C:\Users\ethan\source\repos\MS-Paint\MS-Paint\predefined C++ types (compiler internal)(347,11):
      see declaration of 'std'
  
C:\Users\ethan\source\repos\MS-Paint\MS-Paint\Buttons.cpp(33,2): error C2873: 'cout': symbol cannot be used in a using-declaration
C:\Users\ethan\source\repos\MS-Paint\MS-Paint\Buttons.cpp(35,2): error C2065: 'cout': undeclared identifier
C:\Users\ethan\source\repos\MS-Paint\MS-Paint\Buttons.cpp(40,2): error C2653: 'sf': is not a class or namespace name
C:\Users\ethan\source\repos\MS-Paint\MS-Paint\Buttons.cpp(40,6): error C2065: 'Texture': undeclared identifier
C:\Users\ethan\source\repos\MS-Paint\MS-Paint\Buttons.cpp(40,14): error C2146: syntax error: missing ';' before identifier 'screenshotTexture'
C:\Users\ethan\source\repos\MS-Paint\MS-Paint\Buttons.cpp(40,14): error C2065: 'screenshotTexture': undeclared identifier
C:\Users\ethan\source\repos\MS-Paint\MS-Paint\Buttons.cpp(41,2): error C2065: 'screenshotTexture': undeclared identifier
C:\Users\ethan\source\repos\MS-Paint\MS-Paint\Buttons.cpp(42,2): error C2065: 'screenshotTexture': undeclared identifier
C:\Users\ethan\source\repos\MS-Paint\MS-Paint\Buttons.cpp(42,27): error C2100: you cannot dereference an operand of type 'int'
C:\Users\ethan\source\repos\MS-Paint\MS-Paint\Buttons.cpp(43,2): error C2653: 'sf': is not a class or namespace name
C:\Users\ethan\source\repos\MS-Paint\MS-Paint\Buttons.cpp(43,6): error C2065: 'Image': undeclared identifier
C:\Users\ethan\source\repos\MS-Paint\MS-Paint\Buttons.cpp(43,12): error C2146: syntax error: missing ';' before identifier 'screenshot'
C:\Users\ethan\source\repos\MS-Paint\MS-Paint\Buttons.cpp(43,12): error C2065: 'screenshot': undeclared identifier
C:\Users\ethan\source\repos\MS-Paint\MS-Paint\Buttons.cpp(43,25): error C2065: 'screenshotTexture': undeclared identifier
C:\Users\ethan\source\repos\MS-Paint\MS-Paint\Buttons.cpp(44,7): error C2039: 'time_t': is not a member of 'std'
      C:\Users\ethan\source\repos\MS-Paint\MS-Paint\predefined C++ types (compiler internal)(347,11):
      see declaration of 'std'
  
C:\Users\ethan\source\repos\MS-Paint\MS-Paint\Buttons.cpp(44,7): error C2065: 'time_t': undeclared identifier
C:\Users\ethan\source\repos\MS-Paint\MS-Paint\Buttons.cpp(44,14): error C2146: syntax error: missing ';' before identifier 'now'
C:\Users\ethan\source\repos\MS-Paint\MS-Paint\Buttons.cpp(44,14): error C2065: 'now': undeclared identifier
C:\Users\ethan\source\repos\MS-Paint\MS-Paint\Buttons.cpp(44,25): error C2039: 'time': is not a member of 'std'
      C:\Users\ethan\source\repos\MS-Paint\MS-Paint\predefined C++ types (compiler internal)(347,11):
      see declaration of 'std'
  
C:\Users\ethan\source\repos\MS-Paint\MS-Paint\Buttons.cpp(44,25): error C3861: 'time': identifier not found
C:\Users\ethan\source\repos\MS-Paint\MS-Paint\Buttons.cpp(45,12): error C2079: 'buf' uses undefined struct 'saveButton::tm'
C:\Users\ethan\source\repos\MS-Paint\MS-Paint\Buttons.cpp(46,21): error C2065: 'now': undeclared identifier
C:\Users\ethan\source\repos\MS-Paint\MS-Paint\Buttons.cpp(46,2): error C3861: 'localtime_s': identifier not found
C:\Users\ethan\source\repos\MS-Paint\MS-Paint\Buttons.cpp(48,7): error C2039: 'strftime': is not a member of 'std'
      C:\Users\ethan\source\repos\MS-Paint\MS-Paint\predefined C++ types (compiler internal)(347,11):
      see declaration of 'std'
  
C:\Users\ethan\source\repos\MS-Paint\MS-Paint\Buttons.cpp(48,7): error C3861: 'strftime': identifier not found
C:\Users\ethan\source\repos\MS-Paint\MS-Paint\Buttons.cpp(49,7): error C2039: 'string': is not a member of 'std'
      C:\Users\ethan\source\repos\MS-Paint\MS-Paint\predefined C++ types (compiler internal)(347,11):
      see declaration of 'std'
  
C:\Users\ethan\source\repos\MS-Paint\MS-Paint\Buttons.cpp(49,7): error C2065: 'string': undeclared identifier
C:\Users\ethan\source\repos\MS-Paint\MS-Paint\Buttons.cpp(49,14): error C2146: syntax error: missing ';' before identifier 'filename'
C:\Users\ethan\source\repos\MS-Paint\MS-Paint\Buttons.cpp(49,14): error C2065: 'filename': undeclared identifier
C:\Users\ethan\source\repos\MS-Paint\MS-Paint\Buttons.cpp(49,57): error C2039: 'string': is not a member of 'std'
      C:\Users\ethan\source\repos\MS-Paint\MS-Paint\predefined C++ types (compiler internal)(347,11):
      see declaration of 'std'
  
C:\Users\ethan\source\repos\MS-Paint\MS-Paint\Buttons.cpp(49,57): error C3861: 'string': identifier not found
C:\Users\ethan\source\repos\MS-Paint\MS-Paint\Buttons.cpp(50,2): error C2065: 'screenshot': undeclared identifier
C:\Users\ethan\source\repos\MS-Paint\MS-Paint\Buttons.cpp(50,24): error C2065: 'filename': undeclared identifier
C:\Users\ethan\source\repos\MS-Paint\MS-Paint\Buttons.cpp(53,6): error C2825: 'Buttons': must be a class or namespace when followed by '::'
C:\Users\ethan\source\repos\MS-Paint\MS-Paint\Buttons.cpp(53,15): error C2510: 'Buttons': left of '::' must be a class/struct/union
C:\Users\ethan\source\repos\MS-Paint\MS-Paint\Buttons.cpp(54,2): error C2653: 'sf': is not a class or namespace name
C:\Users\ethan\source\repos\MS-Paint\MS-Paint\Buttons.cpp(54,6): error C2065: 'CircleShape': undeclared identifier
C:\Users\ethan\source\repos\MS-Paint\MS-Paint\Buttons.cpp(54,18): error C2146: syntax error: missing ';' before identifier 'ink'
C:\Users\ethan\source\repos\MS-Paint\MS-Paint\Buttons.cpp(54,22): error C2065: 'size': undeclared identifier
C:\Users\ethan\source\repos\MS-Paint\MS-Paint\Buttons.cpp(54,18): error C3861: 'ink': identifier not found
C:\Users\ethan\source\repos\MS-Paint\MS-Paint\Buttons.cpp(55,2): error C2065: 'ink': undeclared identifier
C:\Users\ethan\source\repos\MS-Paint\MS-Paint\Buttons.cpp(55,19): error C2653: 'sf': is not a class or namespace name
C:\Users\ethan\source\repos\MS-Paint\MS-Paint\Buttons.cpp(55,30): error C2065: 'Red': undeclared identifier
C:\Users\ethan\source\repos\MS-Paint\MS-Paint\Buttons.cpp(56,2): error C2653: 'sf': is not a class or namespace name
C:\Users\ethan\source\repos\MS-Paint\MS-Paint\Buttons.cpp(56,6): error C2065: 'Vector2i': undeclared identifier
C:\Users\ethan\source\repos\MS-Paint\MS-Paint\Buttons.cpp(56,15): error C2146: syntax error: missing ';' before identifier 'cursorPos'
C:\Users\ethan\source\repos\MS-Paint\MS-Paint\Buttons.cpp(56,15): error C2065: 'cursorPos': undeclared identifier
C:\Users\ethan\source\repos\MS-Paint\MS-Paint\Buttons.cpp(56,27): error C2653: 'sf': is not a class or namespace name
C:\Users\ethan\source\repos\MS-Paint\MS-Paint\Buttons.cpp(56,50): error C2100: you cannot dereference an operand of type 'int'
C:\Users\ethan\source\repos\MS-Paint\MS-Paint\Buttons.cpp(56,38): error C3861: 'getPosition': identifier not found
C:\Users\ethan\source\repos\MS-Paint\MS-Paint\Buttons.cpp(57,2): error C2065: 'ink': undeclared identifier
C:\Users\ethan\source\repos\MS-Paint\MS-Paint\Buttons.cpp(57,37): error C2065: 'cursorPos': undeclared identifier
C:\Users\ethan\source\repos\MS-Paint\MS-Paint\Buttons.cpp(57,70): error C2065: 'cursorPos': undeclared identifier
C:\Users\ethan\source\repos\MS-Paint\MS-Paint\Buttons.cpp(58,2): error C2065: 'inkDots': undeclared identifier
C:\Users\ethan\source\repos\MS-Paint\MS-Paint\Buttons.cpp(58,20): error C2065: 'ink': undeclared identifier
C:\Users\ethan\source\repos\MS-Paint\MS-Paint\Buttons.cpp(61,6): error C2825: 'Buttons': must be a class or namespace when followed by '::'
C:\Users\ethan\source\repos\MS-Paint\MS-Paint\Buttons.cpp(61,15): error C2510: 'Buttons': left of '::' must be a class/struct/union
C:\Users\ethan\source\repos\MS-Paint\MS-Paint\Buttons.cpp(62,2): error C2065: 'size': undeclared identifier
C:\Users\ethan\source\repos\MS-Paint\MS-Paint\Buttons.cpp(65,6): error C2825: 'Buttons': must be a class or namespace when followed by '::'
C:\Users\ethan\source\repos\MS-Paint\MS-Paint\Buttons.cpp(65,15): error C2510: 'Buttons': left of '::' must be a class/struct/union
C:\Users\ethan\source\repos\MS-Paint\MS-Paint\Buttons.cpp(65,15): error C1003: error count exceeds 100; stopping compilation
  main.cpp
  Generating Code...
